[debug] [2021-07-01T10:15:46.105Z] ----------------------------------------------------------------------
[debug] [2021-07-01T10:15:46.107Z] Command:       /usr/bin/node /usr/bin/firebase init
[debug] [2021-07-01T10:15:46.108Z] CLI Version:   9.14.0
[debug] [2021-07-01T10:15:46.108Z] Platform:      linux
[debug] [2021-07-01T10:15:46.108Z] Node Version:  v14.17.1
[debug] [2021-07-01T10:15:46.109Z] Time:          Thu Jul 01 2021 11:15:46 GMT+0100 (Central European Standard Time)
[debug] [2021-07-01T10:15:46.109Z] ----------------------------------------------------------------------
[debug] 
[debug] [2021-07-01T10:15:46.114Z] > command requires scopes: ["email","openid","https://www.googleapis.com/auth/cloudplatformprojects.readonly","https://www.googleapis.com/auth/firebase","https://www.googleapis.com/auth/cloud-platform"]
[debug] [2021-07-01T10:15:46.114Z] > authorizing via signed-in user (aymenhamidi111@gmail.com)
[info] 
     ######## #### ########  ######## ########     ###     ######  ########
     ##        ##  ##     ## ##       ##     ##  ##   ##  ##       ##
     ######    ##  ########  ######   ########  #########  ######  ######
     ##        ##  ##    ##  ##       ##     ## ##     ##       ## ##
     ##       #### ##     ## ######## ########  ##     ##  ######  ########

You're about to initialize a Firebase project in this directory:

  /home/aymenha2021/PycharmProjects/SpeechRecognitionWebSite

[info] 
=== Project Setup
[info] 
[info] First, let's associate this project directory with a Firebase project.
[info] You can create multiple project aliases by running firebase use --add, 
[info] but for now we'll just set up a default project.
[info] 
[debug] [2021-07-01T10:16:01.221Z] >>> [apiv2][query] GET https://firebase.googleapis.com/v1beta1/projects pageSize=100
[debug] [2021-07-01T10:16:01.820Z] <<< [apiv2][status] GET https://firebase.googleapis.com/v1beta1/projects 200
[debug] [2021-07-01T10:16:01.820Z] <<< [apiv2][body] GET https://firebase.googleapis.com/v1beta1/projects [omitted]
[info] i  Using project speechrecognitionwebsite (SpeechRecognitionWebSite) 
[info] 
=== Hosting Setup
[info] 
[info] Your public directory is the folder (relative to your project directory) that
[info] will contain Hosting assets to be uploaded with firebase deploy. If you
[info] have a build process for your assets, use your build's output directory.
[info] 
[info] ✔  Wrote /404.html 
[debug] [2021-07-01T10:16:38.617Z] >>> [apiv2][query] GET https://www.gstatic.com/firebasejs/releases.json [none]
[debug] [2021-07-01T10:16:39.003Z] <<< [apiv2][status] GET https://www.gstatic.com/firebasejs/releases.json 200
[debug] [2021-07-01T10:16:39.004Z] <<< [apiv2][body] GET https://www.gstatic.com/firebasejs/releases.json {"current":{"version":"8.6.8","browserURL":"https://www.gstatic.com/firebasejs/8.6.8/firebase.js","packageURL":"https://www.gstatic.com/firebasejs/8.6.8/firebase.tgz"},"live":{"version":"8.6","browserURL":"https://www.gstatic.com/firebasejs/live/8.6/firebase.js","packageURL":"https://www.gstatic.com/firebasejs/live/8.6/firebase.tgz"},"components":{"analytics":"https://www.gstatic.com/firebasejs/8.6.8/firebase-analytics.js","app":"https://www.gstatic.com/firebasejs/8.6.8/firebase-app.js","app-check":"https://www.gstatic.com/firebasejs/8.6.8/firebase-app-check.js","auth":"https://www.gstatic.com/firebasejs/8.6.8/firebase-auth.js","database":"https://www.gstatic.com/firebasejs/8.6.8/firebase-database.js","firestore":"https://www.gstatic.com/firebasejs/8.6.8/firebase-firestore.js","functions":"https://www.gstatic.com/firebasejs/8.6.8/firebase-functions.js","installations":"https://www.gstatic.com/firebasejs/8.6.8/firebase-installations.js","messaging":"https://www.gstatic.com/firebasejs/8.6.8/firebase-messaging.js","storage":"https://www.gstatic.com/firebasejs/8.6.8/firebase-storage.js","performance":"https://www.gstatic.com/firebasejs/8.6.8/firebase-performance.js","remote-config":"https://www.gstatic.com/firebasejs/8.6.8/firebase-remote-config.js","firestore.memory":"https://www.gstatic.com/firebasejs/8.6.8/firebase-firestore.memory.js"}}
[info] ✔  Wrote /index.html 
[info] 
[info] i  Detected a .git folder at /home/aymenha2021 
[info] i  Authorizing with GitHub to upload your service account to a GitHub repository's secrets store. 
[info] 
[info] Visit this URL on this device to log in:
[info] https://github.com/login/oauth/authorize?client_id=89cf50f02ac6aaed3484&state=1044732815&redirect_uri=http%3A%2F%2Flocalhost%3A9005&scope=read%3Auser%20repo%20public_repo
[info] 
[info] Waiting for authentication...
[debug] [2021-07-01T10:28:05.733Z] >>> HTTP REQUEST POST https://github.com/login/oauth/access_token  
 {"client_id":"89cf50f02ac6aaed3484","client_secret":"3330d14abc895d9a74d5f17cd7a00711fa2c5bf0","code":"8611dc6922fc2ef662cc","redirect_uri":"http://localhost:9005","state":"1044732815"}
[debug] [2021-07-01T10:28:06.167Z] <<< HTTP RESPONSE 200 {"server":"GitHub.com","date":"Thu, 01 Jul 2021 10:28:06 GMT","content-type":"application/json; charset=utf-8","transfer-encoding":"chunked","vary":"X-PJAX, Accept-Encoding, Accept, X-Requested-With","permissions-policy":"interest-cohort=()","etag":"W/\"2b4cd45888612829a8e3266a3f0c41a4\"","cache-control":"max-age=0, private, must-revalidate","strict-transport-security":"max-age=31536000; includeSubdomains; preload","x-frame-options":"deny","x-content-type-options":"nosniff","x-xss-protection":"0","referrer-policy":"origin-when-cross-origin, strict-origin-when-cross-origin","expect-ct":"max-age=2592000, report-uri=\"https://api.github.com/_private/browser/errors\"","content-security-policy":"default-src 'none'; base-uri 'self'; block-all-mixed-content; connect-src 'self' uploads.github.com www.githubstatus.com collector.githubapp.com api.github.com github-cloud.s3.amazonaws.com github-production-repository-file-5c1aeb.s3.amazonaws.com github-production-upload-manifest-file-7fdce7.s3.amazonaws.com github-production-user-asset-6210df.s3.amazonaws.com cdn.optimizely.com logx.optimizely.com/v1/events translator.github.com wss://alive.github.com; font-src github.githubassets.com; form-action 'self' github.com gist.github.com; frame-ancestors 'none'; frame-src render.githubusercontent.com render-temp.githubusercontent.com viewscreen.githubusercontent.com; img-src 'self' data: github.githubassets.com identicons.github.com collector.githubapp.com github-cloud.s3.amazonaws.com secured-user-images.githubusercontent.com/ *.githubusercontent.com; manifest-src 'self'; media-src 'none'; script-src github.githubassets.com; style-src 'unsafe-inline' github.githubassets.com; worker-src github.com/socket-worker-3f088aa2.js gist.github.com/socket-worker-3f088aa2.js","x-github-request-id":"316B:7438:25C1C84:26CF5FC:60DD98B5"}
[debug] [2021-07-01T10:28:06.189Z] >>> [apiv2][query] GET https://api.github.com/user [none]
[debug] [2021-07-01T10:28:06.592Z] <<< [apiv2][status] GET https://api.github.com/user 200
[debug] [2021-07-01T10:28:06.592Z] <<< [apiv2][body] GET https://api.github.com/user {"login":"Aymen21916","id":71033634,"node_id":"MDQ6VXNlcjcxMDMzNjM0","avatar_url":"https://avatars.githubusercontent.com/u/71033634?v=4","gravatar_id":"","url":"https://api.github.com/users/Aymen21916","html_url":"https://github.com/Aymen21916","followers_url":"https://api.github.com/users/Aymen21916/followers","following_url":"https://api.github.com/users/Aymen21916/following{/other_user}","gists_url":"https://api.github.com/users/Aymen21916/gists{/gist_id}","starred_url":"https://api.github.com/users/Aymen21916/starred{/owner}{/repo}","subscriptions_url":"https://api.github.com/users/Aymen21916/subscriptions","organizations_url":"https://api.github.com/users/Aymen21916/orgs","repos_url":"https://api.github.com/users/Aymen21916/repos","events_url":"https://api.github.com/users/Aymen21916/events{/privacy}","received_events_url":"https://api.github.com/users/Aymen21916/received_events","type":"User","site_admin":false,"name":null,"company":null,"blog":"","location":null,"email":null,"hireable":null,"bio":null,"twitter_username":null,"public_repos":1,"public_gists":0,"followers":0,"following":7,"created_at":"2020-09-09T17:25:22Z","updated_at":"2021-07-01T10:28:02Z","private_gists":0,"total_private_repos":1,"owned_private_repos":0,"disk_usage":13,"collaborators":0,"two_factor_authentication":true,"plan":{"name":"pro","space":976562499,"collaborators":0,"private_repos":9999}}
[info] 
[info] ✔  Success! Logged into GitHub as Aymen21916 
[info] 
